=== SYSTEM INFORMATION:
Quod Libet 4.3.0
Mutagen 1.44.0
Python 3.8.1 (default, Dec 24 2019, 11:55:37)  [GCC 9.2.0 64 bit (AMD64)] win32
Platform Windows-10-10.0.19041-SP0
=== STACK TRACE

Traceback (most recent call last):

  File "configparser.py", line 789, in get

  File "__init__.py", line 891, in __getitem__

  File "__init__.py", line 883, in __missing__

KeyError: 'autoupdatetagsinfiles_update_strategy'


During handling of the above exception, another exception occurred:


Traceback (most recent call last):

  File "C:\Program Files\Quod Libet\lib\python3.8\site-packages\quodlibet\util\config.py", line 206, in getint
    return int(self._config.getfloat(section, option))

  File "configparser.py", line 823, in getfloat

  File "configparser.py", line 808, in _get_conv

  File "configparser.py", line 803, in _get

  File "configparser.py", line 792, in get

configparser.NoOptionError: No option 'autoupdatetagsinfiles_update_strategy' in section: 'plugins'


During handling of the above exception, another exception occurred:


Traceback (most recent call last):

  File "C:\Program Files\Quod Libet\lib\python3.8\site-packages\quodlibet\plugins\events.py", line 140, in __invoke
    handler(*args)

  File "C:\Users\madaz\AppData\Roaming\Quod Libet\plugins\auto_update_tags_in_files.py", line 99, in plugin_on_song_ended
    strategy = CONFIG.update_strategy

  File "C:\Program Files\Quod Libet\lib\python3.8\site-packages\quodlibet\plugins\__init__.py", line 544, in __get__
    return self._conf.getint(self._name)

  File "C:\Program Files\Quod Libet\lib\python3.8\site-packages\quodlibet\util\config.py", line 447, in method
    return config_getter(

  File "C:\Program Files\Quod Libet\lib\python3.8\site-packages\quodlibet\util\config.py", line 214, in getint
    raise Error(e)

configparser.Error: <unprintable Error object>


During handling of the above exception, another exception occurred:


Traceback (most recent call last):

  File "C:\Program Files\Quod Libet\lib\python3.8\site-packages\quodlibet\util\__init__.py", line 710, in wrap
    return handler(that, *args)

  File "C:\Program Files\Quod Libet\lib\python3.8\site-packages\quodlibet\plugins\events.py", line 111, in cb_handler
    self.__invoke(librarian, args[-1], *args[:-1])

  File "C:\Program Files\Quod Libet\lib\python3.8\site-packages\quodlibet\plugins\events.py", line 144, in __invoke
    errorhook()

  File "C:\Program Files\Quod Libet\lib\python3.8\site-packages\quodlibet\errorreport\main.py", line 188, in errorhook
    called_in_main_thread()

  File "C:\Program Files\Quod Libet\lib\python3.8\site-packages\quodlibet\errorreport\main.py", line 183, in called_in_main_thread
    run_error_dialogs(exc_info, sentry_error)

  File "C:\Program Files\Quod Libet\lib\python3.8\site-packages\quodlibet\errorreport\main.py", line 85, in run_error_dialogs
    (str(exc_info[1]).strip() or u"\n").splitlines()[0])

TypeError: __str__ returned non-string (type NoOptionError)

=== LOG:
E: 39.997: PrintHandler.emit('manager.transform'): manager.py:76:transform: TypeError: __repr__ returned non-string (type NoOptionError)
E: 39.997: PrintHandler.emit('manager.transform'): __repr__ returned non-string (type NoOptionError)
E: 39.997: PrintHandler.emit('manager.transform'): manager.py:76:transform: TypeError: __repr__ returned non-string (type NoOptionError)
E: 39.998: PrintHandler.emit('manager.transform'): __repr__ returned non-string (type NoOptionError)
E: 39.998: PrintHandler.emit('manager.transform'): manager.py:76:transform: TypeError: __repr__ returned non-string (type NoOptionError)
D: 40.518: QLSubmitQueue._check_submit: Submission status: OK
D: 85.680: GStreamerPlayer._end: Next song
D: 85.685: util.cover.manager.failure: Didn't get cover from ArtworkUrlCover: artwork_url missing
D: 85.699: util.cover.manager.run: Found local cover from EmbeddedCover: <tempfile._TemporaryFileWrapper object at 0x0000000000c72910>
D: 85.700: QLSubmitQueue.send_nowplaying: Now playing song: Udit Narayan - Kya Kare Kya Na Kare
D: 85.701: ViewLyrics.plugin_on_song_started: Looking for lyrics for d:\muzk\hindi\rangeela.1995\3.kya kare kya na kare.mp3
D: 85.738: WaveformSeekBar._create_waveform: Computing data for each 0.114 seconds
D: 86.111: SongFileLibrary._changed(<libraries.SongFileLibrary object at 0x00000000054ae840 (quodlibet+library+libraries+SongFileLibrary at 0x0000000004c63cc0)>): Changing 2 items.
D: 86.114: qltk.completion.__update_song: Updating tag model for 2 songs
D: 86.114: qltk.completion.__update_song: Done updating tag model for 2 songs
D: 86.115: ViewLyrics.plugin_on_changed: Active song changed, reloading lyrics
D: 86.115: ViewLyrics.plugin_on_song_started: Looking for lyrics for d:\muzk\hindi\rangeela.1995\3.kya kare kya na kare.mp3
D: 86.117: WaveformSeekBar._create_waveform: Computing data for each 0.114 seconds
D: 86.344: QLSubmitQueue._check_submit: Submission status: OK
D: 03.564: config.save: Writing config...
D: 03.612: library.save: Saving all libraries...
D: 03.613: SongFileLibrary.save(<libraries.SongFileLibrary object at 0x00000000054ae840 (quodlibet+library+libraries+SongFileLibrary at 0x0000000004c63cc0)>): Saving contents to 'C:\\Users\\madaz\\AppData\\Roaming\\Quod Libet\\songs'.
D: 81.492: player.gstbe.player.__about_to_finish: About to finish (async)
D: 81.493: player.gstbe.player.__about_to_finish_sync: About to finish (sync)
D: 81.493: player.gstbe.player.__about_to_finish_sync: Select next song in mainloop..
D: 81.493: PlaylistModel.next_ended: Using <Prefer less played>.next_implicit() to get next song
D: 81.493: PlaycountEqualizer.remaining: Played 1 of 236 song(s)
D: 81.498: player.gstbe.player.__about_to_finish_sync: ..done.
D: 81.499: player.gstbe.player.__about_to_finish: About to finish (async): setting uri
D: 81.499: player.gstbe.player.__about_to_finish: About to finish (async): done
D: 82.529: player.gstbe.player.__message: Stream changed
D: 82.529: GStreamerPlayer._end: End song
D: 82.530: QLScrobbler.plugin_on_song_ended: Checking against filter 
D: 82.530: QLSubmitQueue.send_submission: Submitting song(s): Udit Narayan - Kya Kare Kya Na Kare
E: 82.532: plugins.events.__invoke: Error during plugin_on_song_ended on <class 'quodlibet.fake.plugins.auto_update_tags_in_files.AutoUpdateTagsInFiles'>
E: 82.534: errorreport.main.errorhook: config.py:214:getint: configparser.Error: <unprintable Error object>
E: 82.566: errorreport.main.errorhook: main.py:85:run_error_dialogs: TypeError: __str__ returned non-string (type NoOptionError)
E: 82.587: PrintHandler.emit('manager.transform'): __repr__ returned non-string (type NoOptionError)
E: 82.587: PrintHandler.emit('manager.transform'): manager.py:76:transform: TypeError: __repr__ returned non-string (type NoOptionError)
E: 82.588: PrintHandler.emit('manager.transform'): __repr__ returned non-string (type NoOptionError)
E: 82.588: PrintHandler.emit('manager.transform'): manager.py:76:transform: TypeError: __repr__ returned non-string (type NoOptionError)
E: 82.588: PrintHandler.emit('manager.transform'): __repr__ returned non-string (type NoOptionError)
E: 82.589: PrintHandler.emit('manager.transform'): manager.py:76:transform: TypeError: __repr__ returned non-string (type NoOptionError)
D: 83.079: QLSubmitQueue._check_submit: Submission status: OK
D: 84.608: GStreamerPlayer._end: Next song
D: 84.612: util.cover.manager.failure: Didn't get cover from ArtworkUrlCover: artwork_url missing
D: 84.628: util.cover.manager.run: Found local cover from EmbeddedCover: <tempfile._TemporaryFileWrapper object at 0x0000000000c72310>
D: 84.629: QLSubmitQueue.send_nowplaying: Now playing song: S. P. Balasubrahmanyam, A. R. Reihana & Benny Dayal - Balleilakka
D: 84.631: ViewLyrics.plugin_on_song_started: Looking for lyrics for d:\muzk\telugu\sivaji_ the boss.2007\1.balleilakka.mp3
D: 84.687: WaveformSeekBar._create_waveform: Computing data for each 0.121 seconds
D: 84.702: player.gstbe.player.__message: Recalculate latency
D: 85.055: SongFileLibrary._changed(<libraries.SongFileLibrary object at 0x00000000054ae840 (quodlibet+library+libraries+SongFileLibrary at 0x0000000004c63cc0)>): Changing 2 items.
D: 85.056: qltk.completion.__update_song: Updating tag model for 2 songs
D: 85.057: qltk.completion.__update_song: Done updating tag model for 2 songs
D: 85.057: ViewLyrics.plugin_on_changed: Active song changed, reloading lyrics
D: 85.057: ViewLyrics.plugin_on_song_started: Looking for lyrics for d:\muzk\telugu\sivaji_ the boss.2007\1.balleilakka.mp3
D: 85.058: WaveformSeekBar._create_waveform: Computing data for each 0.121 seconds
D: 85.173: QLSubmitQueue._check_submit: Submission status: OK
D: 03.566: config.save: Writing config...
D: 03.621: library.save: Saving all libraries...
D: 45.825: player.gstbe.player.__about_to_finish: About to finish (async)
D: 45.825: player.gstbe.player.__about_to_finish_sync: About to finish (sync)
D: 45.825: player.gstbe.player.__about_to_finish_sync: Select next song in mainloop..
D: 45.825: PlaylistModel.next_ended: Using <Prefer less played>.next_implicit() to get next song
D: 45.825: PlaycountEqualizer.remaining: Played 1 of 235 song(s)
D: 45.829: player.gstbe.player.__about_to_finish_sync: ..done.
D: 45.829: player.gstbe.player.__about_to_finish: About to finish (async): setting uri
D: 45.830: player.gstbe.player.__about_to_finish: About to finish (async): done
D: 46.880: player.gstbe.player.__message: Stream changed
D: 46.880: GStreamerPlayer._end: End song
D: 46.880: QLScrobbler.plugin_on_song_ended: Checking against filter 
E: 46.881: plugins.events.__invoke: Error during plugin_on_song_ended on <class 'quodlibet.fake.plugins.auto_update_tags_in_files.AutoUpdateTagsInFiles'>
D: 46.881: QLSubmitQueue.send_submission: Submitting song(s): S. P. Balasubrahmanyam, A. R. Reihana & Benny Dayal - Balleilakka
E: 46.884: errorreport.main.errorhook: config.py:214:getint: configparser.Error: <unprintable Error object>
E: 46.920: errorreport.main.errorhook: main.py:85:run_error_dialogs: TypeError: __str__ returned non-string (type NoOptionError)