=== SYSTEM INFORMATION:
Quod Libet 4.3.0
Mutagen 1.44.0
Python 3.8.1 (default, Dec 24 2019, 11:55:37)  [GCC 9.2.0 64 bit (AMD64)] win32
Platform Windows-10-10.0.19041-SP0
=== STACK TRACE

Traceback (most recent call last):

  File "configparser.py", line 789, in get

  File "__init__.py", line 891, in __getitem__

  File "__init__.py", line 883, in __missing__

KeyError: 'autoupdatetagsinfiles_update_strategy'


During handling of the above exception, another exception occurred:


Traceback (most recent call last):

  File "C:\Program Files\Quod Libet\lib\python3.8\site-packages\quodlibet\util\config.py", line 206, in getint
    return int(self._config.getfloat(section, option))

  File "configparser.py", line 823, in getfloat

  File "configparser.py", line 808, in _get_conv

  File "configparser.py", line 803, in _get

  File "configparser.py", line 792, in get

configparser.NoOptionError: No option 'autoupdatetagsinfiles_update_strategy' in section: 'plugins'


During handling of the above exception, another exception occurred:


Traceback (most recent call last):

  File "C:\Program Files\Quod Libet\lib\python3.8\site-packages\quodlibet\plugins\events.py", line 140, in __invoke
    handler(*args)

  File "C:\Users\madaz\AppData\Roaming\Quod Libet\plugins\auto_update_tags_in_files.py", line 99, in plugin_on_song_ended

  File "C:\Program Files\Quod Libet\lib\python3.8\site-packages\quodlibet\plugins\__init__.py", line 544, in __get__
    return self._conf.getint(self._name)

  File "C:\Program Files\Quod Libet\lib\python3.8\site-packages\quodlibet\util\config.py", line 447, in method
    return config_getter(

  File "C:\Program Files\Quod Libet\lib\python3.8\site-packages\quodlibet\util\config.py", line 214, in getint
    raise Error(e)

configparser.Error: <unprintable Error object>


During handling of the above exception, another exception occurred:


Traceback (most recent call last):

  File "C:\Program Files\Quod Libet\lib\python3.8\site-packages\quodlibet\util\__init__.py", line 710, in wrap
    return handler(that, *args)

  File "C:\Program Files\Quod Libet\lib\python3.8\site-packages\quodlibet\plugins\events.py", line 111, in cb_handler
    self.__invoke(librarian, args[-1], *args[:-1])

  File "C:\Program Files\Quod Libet\lib\python3.8\site-packages\quodlibet\plugins\events.py", line 144, in __invoke
    errorhook()

  File "C:\Program Files\Quod Libet\lib\python3.8\site-packages\quodlibet\errorreport\main.py", line 188, in errorhook
    called_in_main_thread()

  File "C:\Program Files\Quod Libet\lib\python3.8\site-packages\quodlibet\errorreport\main.py", line 183, in called_in_main_thread
    run_error_dialogs(exc_info, sentry_error)

  File "C:\Program Files\Quod Libet\lib\python3.8\site-packages\quodlibet\errorreport\main.py", line 85, in run_error_dialogs
    (str(exc_info[1]).strip() or u"\n").splitlines()[0])

TypeError: __str__ returned non-string (type NoOptionError)

=== LOG:
D: 89.244: qltk.completion.__update_song: Updating tag model for 2 songs
D: 89.244: qltk.completion.__update_song: Done updating tag model for 2 songs
D: 89.245: ViewLyrics.plugin_on_changed: Active song changed, reloading lyrics
D: 89.245: ViewLyrics.plugin_on_song_started: Looking for lyrics for d:\muzk\english\imagine dragons\smoke + mirrors.12.hopeless opus.mp3
D: 89.249: WaveformSeekBar._create_waveform: Computing data for each 0.080 seconds
D: 83.877: config.save: Writing config...
D: 83.904: library.save: Saving all libraries...
D: 83.878: config.save: Writing config...
D: 83.887: library.save: Saving all libraries...
D: 74.680: QLSubmitQueue.send_nowplaying: Now playing song: Imagine Dragons - Hopeless Opus
D: 75.373: QLSubmitQueue._check_submit: Submission status: OK
D: 83.879: config.save: Writing config...
D: 83.911: library.save: Saving all libraries...
D: 08.542: Query.__init__: Creating query "&(@(saved: std),@(saved: ft))", called from SearchBarBox._update_query_from
D: 08.543: Query.__init__: Creating query "|(#((laststarted+lastplayed)*rating>(0.27*skipcount+playcount)*2 week),@(saved:xtra))", called from IncludeSavedSearchQuery.parse_body
D: 08.543: Query.__init__: Creating query "|(#(playcount+3*skipcount<3),#(rating*playcount*(lastplayed+laststarted)>3 year),#(rating=0))", called from IncludeSavedSearchQuery.parse_body
D: 08.543: Query.__init__: Creating query "&(grouping!=ound,|(language!=indi,&(language=indi,#(3 week<laststarted*(0.01+rating)))))", called from IncludeSavedSearchQuery.parse_body
D: 08.688: PlaylistModel.set: Filling view model with 248 songs.
D: 24.962: Query.__init__: Creating query "&(@(saved: std),@(saved: ft))", called from SearchBarBox._update_query_from
D: 24.963: Query.__init__: Creating query "|(#((laststarted+lastplayed)*rating>(0.27*skipcount+playcount)*2 week),@(saved:xtra))", called from IncludeSavedSearchQuery.parse_body
D: 24.963: Query.__init__: Creating query "|(#(playcount+3*skipcount<3),#(rating*playcount*(lastplayed+laststarted)>3 year),#(rating=0))", called from IncludeSavedSearchQuery.parse_body
D: 24.963: Query.__init__: Creating query "&(grouping!=ound,|(language!=indi,&(language=indi,#(3 week<laststarted*(0.01+rating)))))", called from IncludeSavedSearchQuery.parse_body
D: 25.114: PlaylistModel.set: Filling view model with 248 songs.
D: 11.992: player.gstbe.player.__about_to_finish: About to finish (async)
D: 11.992: player.gstbe.player.__about_to_finish_sync: About to finish (sync)
D: 11.992: player.gstbe.player.__about_to_finish_sync: Select next song in mainloop..
D: 11.993: PlaylistModel.next_ended: Using <Prefer less played>.next_implicit() to get next song
D: 11.993: PlaycountEqualizer.remaining: Played 0 of 248 song(s)
D: 11.995: player.gstbe.player.__about_to_finish_sync: ..done.
D: 11.997: player.gstbe.player.__about_to_finish: About to finish (async): setting uri
D: 11.997: player.gstbe.player.__about_to_finish: About to finish (async): done
D: 13.036: player.gstbe.player.__message: Stream changed
D: 13.036: GStreamerPlayer._end: End song
D: 13.037: QLScrobbler.plugin_on_song_ended: Checking against filter 
D: 13.037: QLSubmitQueue.send_submission: Submitting song(s): Imagine Dragons - Hopeless Opus
E: 13.038: plugins.events.__invoke: Error during plugin_on_song_ended on <class 'quodlibet.fake.plugins.auto_update_tags_in_files.AutoUpdateTagsInFiles'>
E: 13.039: errorreport.main.errorhook: config.py:214:getint: configparser.Error: <unprintable Error object>
E: 13.074: errorreport.main.errorhook: main.py:85:run_error_dialogs: TypeError: __str__ returned non-string (type NoOptionError)
E: 13.092: PrintHandler.emit('manager.transform'): __repr__ returned non-string (type NoOptionError)
E: 13.092: PrintHandler.emit('manager.transform'): manager.py:76:transform: TypeError: __repr__ returned non-string (type NoOptionError)
E: 13.092: PrintHandler.emit('manager.transform'): __repr__ returned non-string (type NoOptionError)
E: 13.092: PrintHandler.emit('manager.transform'): manager.py:76:transform: TypeError: __repr__ returned non-string (type NoOptionError)
E: 13.093: PrintHandler.emit('manager.transform'): __repr__ returned non-string (type NoOptionError)
E: 13.093: PrintHandler.emit('manager.transform'): manager.py:76:transform: TypeError: __repr__ returned non-string (type NoOptionError)
D: 13.861: QLSubmitQueue._check_submit: Submission status: OK
D: 16.211: GStreamerPlayer._end: Next song
D: 16.212: util.cover.manager.failure: Didn't get cover from ArtworkUrlCover: artwork_url missing
D: 16.213: util.cover.manager.failure: Didn't get cover from EmbeddedCover: This source is incapable of fetching covers
D: 16.233: util.cover.manager.run: Found local cover from FilesystemCover: <_io.BufferedReader name='d:\\muzk\\hindi\\Folder.jpg'>
D: 16.234: QLSubmitQueue.send_nowplaying: Now playing song: Kishore Kumar - MOTI HO TO BANDH KAR
D: 16.234: ViewLyrics.plugin_on_song_started: Looking for lyrics for d:\muzk\hindi\moti ho to bandh kar.mp3
D: 16.256: WaveformSeekBar._create_waveform: Computing data for each 0.102 seconds
D: 16.753: SongFileLibrary._changed(<libraries.SongFileLibrary object at 0x0000000004c22bc0 (quodlibet+library+libraries+SongFileLibrary at 0x00000000038e4cc0)>): Changing 2 items.
D: 16.755: qltk.completion.__update_song: Updating tag model for 2 songs
D: 16.755: qltk.completion.__update_song: Done updating tag model for 2 songs
D: 16.756: ViewLyrics.plugin_on_changed: Active song changed, reloading lyrics
D: 16.756: ViewLyrics.plugin_on_song_started: Looking for lyrics for d:\muzk\hindi\moti ho to bandh kar.mp3
D: 16.760: WaveformSeekBar._create_waveform: Computing data for each 0.102 seconds
D: 17.245: QLSubmitQueue._check_submit: Submission status: OK
D: 23.120: Query.__init__: Creating query "&(@(saved: std),@(saved: ft))", called from SearchBarBox._update_query_from
D: 23.120: Query.__init__: Creating query "|(#((laststarted+lastplayed)*rating>(0.27*skipcount+playcount)*2 week),@(saved:xtra))", called from IncludeSavedSearchQuery.parse_body
D: 23.120: Query.__init__: Creating query "|(#(playcount+3*skipcount<3),#(rating*playcount*(lastplayed+laststarted)>3 year),#(rating=0))", called from IncludeSavedSearchQuery.parse_body
D: 23.121: Query.__init__: Creating query "&(grouping!=ound,|(language!=indi,&(language=indi,#(3 week<laststarted*(0.01+rating)))))", called from IncludeSavedSearchQuery.parse_body
D: 23.284: PlaylistModel.set: Filling view model with 247 songs.
D: 83.880: config.save: Writing config...
D: 83.905: library.save: Saving all libraries...
D: 83.905: SongFileLibrary.save(<libraries.SongFileLibrary object at 0x0000000004c22bc0 (quodlibet+library+libraries+SongFileLibrary at 0x00000000038e4cc0)>): Saving contents to 'C:\\Users\\madaz\\AppData\\Roaming\\Quod Libet\\songs'.
D: 06.552: qltk.window.__restore_state: Restore state
D: 06.552: qltk.window.__restore_position: Restore position
D: 06.552: qltk.window.__restore_size: Restore size
D: 06.556: main.before_quit: Saving active browser state
D: 06.556: main.before_quit: Shutting down player device 'GStreamer: 1.16.2.0'.
E: 06.556: plugins.events.__invoke: Error during plugin_on_song_ended on <class 'quodlibet.fake.plugins.auto_update_tags_in_files.AutoUpdateTagsInFiles'>
E: 06.557: errorreport.main.errorhook: config.py:214:getint: configparser.Error: <unprintable Error object>
E: 06.598: errorreport.main.errorhook: main.py:85:run_error_dialogs: TypeError: __str__ returned non-string (type NoOptionError)