=== SYSTEM INFORMATION:
Quod Libet 4.3.0
Mutagen 1.44.0
Python 3.8.1 (default, Dec 24 2019, 11:55:37)  [GCC 9.2.0 64 bit (AMD64)] win32
Platform Windows-10-10.0.19041-SP0
=== STACK TRACE

Traceback (most recent call last):

  File "configparser.py", line 789, in get

  File "__init__.py", line 891, in __getitem__

  File "__init__.py", line 883, in __missing__

KeyError: 'autoupdatetagsinfiles_update_strategy'


During handling of the above exception, another exception occurred:


Traceback (most recent call last):

  File "C:\Program Files\Quod Libet\lib\python3.8\site-packages\quodlibet\util\config.py", line 206, in getint
    return int(self._config.getfloat(section, option))

  File "configparser.py", line 823, in getfloat

  File "configparser.py", line 808, in _get_conv

  File "configparser.py", line 803, in _get

  File "configparser.py", line 792, in get

configparser.NoOptionError: No option 'autoupdatetagsinfiles_update_strategy' in section: 'plugins'


During handling of the above exception, another exception occurred:


Traceback (most recent call last):

  File "C:\Program Files\Quod Libet\lib\python3.8\site-packages\quodlibet\plugins\events.py", line 140, in __invoke
    handler(*args)

  File "C:\Users\madaz\AppData\Roaming\Quod Libet\plugins\auto_update_tags_in_files.py", line 99, in plugin_on_song_ended
    strategy = CONFIG.update_strategy

  File "C:\Program Files\Quod Libet\lib\python3.8\site-packages\quodlibet\plugins\__init__.py", line 544, in __get__
    return self._conf.getint(self._name)

  File "C:\Program Files\Quod Libet\lib\python3.8\site-packages\quodlibet\util\config.py", line 447, in method
    return config_getter(

  File "C:\Program Files\Quod Libet\lib\python3.8\site-packages\quodlibet\util\config.py", line 214, in getint
    raise Error(e)

configparser.Error: <unprintable Error object>

=== LOG:
D: 17.075: PluginManager.enable: Enable 'Tray Icon'
D: 17.075: fake.plugins.trayicon.get_indicator_impl: use app indicator: False
D: 17.156: PluginManager.register_handler: Registering handler: 'UserInterfacePluginHandler'
D: 17.156: UserInterfacePluginHandler.plugin_enable: Enabling sidebar for <class 'quodlibet.fake.plugins.thumbrating.ThumbRating'>
D: 17.156: QuodLibetWindow.add_sidebar_to_layout: Recreating sidebar
D: 17.158: UserInterfacePluginHandler.plugin_enable: Enabling sidebar for <class 'quodlibet.fake.plugins.viewlyrics.ViewLyrics'>
D: 17.228: mmkeys.find_active_backend: Trying to find a mmkeys backend
D: 17.281: mmkeys.find_active_backend: Found 'WinHookBackend'
D: 17.322: session.init: Trying SessionClient
D: 17.322: _main.run: Entering quodlibet.main
D: 20.667: PlaylistModel.set: Filling view model with 1855 songs.
D: 20.694: GStreamerPlayer.go_to: Going to 'd:\\muzk\\english\\harry styles\\sign of the times.m4a'
D: 20.694: PlaylistMux.go_to: Told to go to 'd:\\muzk\\english\\harry styles\\sign of the times.m4a'
D: 20.694: QueueModel.go_to: Told to go to None
D: 20.694: PlaylistModel.go_to: Told to go to 'd:\\muzk\\english\\harry styles\\sign of the times.m4a'
D: 20.709: GStreamerPlayer._end: End song
D: 20.710: GStreamerPlayer._end: Next song
D: 21.064: util.cover.manager.failure: Didn't get cover from ArtworkUrlCover: artwork_url missing
D: 21.077: util.cover.manager.run: Found local cover from EmbeddedCover: <tempfile._TemporaryFileWrapper object at 0x000000000b710100>
D: 21.079: ViewLyrics.plugin_on_song_started: Looking for lyrics for d:\muzk\english\harry styles\sign of the times.m4a
D: 21.844: WaveformSeekBar._create_waveform: Computing data for each 0.113 seconds
D: 21.971: player.gstbe.player.__message: Recalculate latency
D: 24.220: qltk.completion.__build_model: Updating tag model for whole library
D: 24.220: SongFileLibrary.rebuild(<libraries.SongFileLibrary object at 0x0000000004c22bc0 (quodlibet+library+libraries+SongFileLibrary at 0x00000000038e4cc0)>): Rebuilding, force is False.
D: 24.228: SongFileLibrary._changed(<libraries.SongFileLibrary object at 0x0000000004c22bc0 (quodlibet+library+libraries+SongFileLibrary at 0x00000000038e4cc0)>): Changing 1 items.
D: 24.228: qltk.completion.__update_song: Updating tag model for 1 songs
D: 24.228: qltk.completion.__update_song: Done updating tag model for 1 songs
D: 24.232: ViewLyrics.plugin_on_changed: Active song changed, reloading lyrics
D: 24.232: ViewLyrics.plugin_on_song_started: Looking for lyrics for d:\muzk\english\harry styles\sign of the times.m4a
D: 24.236: WaveformSeekBar._create_waveform: Computing data for each 0.113 seconds
D: 25.036: qltk.completion.__build_model: Done updating tag model for whole library
D: 25.804: SongFileLibrary.rebuild(<libraries.SongFileLibrary object at 0x0000000004c22bc0 (quodlibet+library+libraries+SongFileLibrary at 0x00000000038e4cc0)>): Removing 0, changing 0.
D: 25.804: SongFileLibrary.scan: Scanning 'D:\\muzK'.
W: 28.999: formats._misc.MusicFile: Error loading 'D:\\muzK\\Blow My Mind.mp3'
E: 29.030: formats._misc.MusicFile: __init__.py:403:__init__: quodlibet.formats._misc.AudioFileError: can't sync to MPEG frame
D: 71.742: qltk.window.__restore_state: Restore state
D: 71.742: qltk.window.__restore_position: Restore position
D: 71.743: qltk.window.__restore_size: Restore size
D: 17.325: config.save: Writing config...
D: 17.360: library.save: Saving all libraries...
D: 17.360: SongFileLibrary.save(<libraries.SongFileLibrary object at 0x0000000004c22bc0 (quodlibet+library+libraries+SongFileLibrary at 0x00000000038e4cc0)>): Saving contents to 'C:\\Users\\madaz\\AppData\\Roaming\\Quod Libet\\songs'.
D: 92.655: PluginManager.enable: Enable 'refresh-songs'
D: 92.655: PluginManager.save: Saving plugins: 33 active
D: 93.541: PluginManager.enable: Disable 'refresh-songs'
D: 93.541: PluginManager.save: Saving plugins: 32 active
D: 17.326: config.save: Writing config...
D: 17.353: library.save: Saving all libraries...
E: 30.879: PluginPreferencesContainer.set_plugin: config.py:214:getint: configparser.Error: <unprintable Error object>
D: 37.205: PluginManager.enable: Enable 'AutoUpdateTagsInFilesUserVersion'
D: 37.205: PluginManager.save: Saving plugins: 33 active
D: 66.624: qltk.window.__restore_state: Restore state
D: 66.624: qltk.window.__restore_position: Restore position
D: 66.625: qltk.window.__restore_size: Restore size
D: 66.628: config.save: Writing config...
D: 68.554: QLSubmitQueue.send_handshake: Sending handshake to service.
D: 79.838: QLSubmitQueue.send_handshake: Could not contact service. Queueing submissions.
D: 17.326: config.save: Writing config...
D: 17.363: library.save: Saving all libraries...
D: 99.840: QLSubmitQueue.send_handshake: Sending handshake to service.
D: 99.841: QLSubmitQueue.send_handshake: Could not contact service. Queueing submissions.
D: 17.328: config.save: Writing config...
D: 17.359: library.save: Saving all libraries...
D: 18.834: player.gstbe.player.__about_to_finish: About to finish (async)
D: 18.834: player.gstbe.player.__about_to_finish_sync: About to finish (sync)
D: 18.834: player.gstbe.player.__about_to_finish_sync: Select next song in mainloop..
D: 18.835: PlaylistModel.next_ended: Using <Prefer higher rated>.next_implicit() to get next song
D: 18.835: OrderWeighted.remaining: Played 2 of 1855 song(s)
D: 18.853: player.gstbe.player.__about_to_finish_sync: ..done.
D: 18.853: player.gstbe.player.__about_to_finish: About to finish (async): setting uri
D: 18.854: player.gstbe.player.__about_to_finish: About to finish (async): done
D: 19.904: player.gstbe.player.__message: Stream changed
D: 19.904: GStreamerPlayer._end: End song
D: 19.905: QLScrobbler.plugin_on_song_ended: Checking against filter 
E: 19.905: plugins.events.__invoke: Error during plugin_on_song_ended on <class 'quodlibet.fake.plugins.auto_update_tags_in_files.AutoUpdateTagsInFiles'>
E: 19.923: errorreport.main.errorhook: config.py:214:getint: configparser.Error: <unprintable Error object>